// code fix effectFnOpportunity_toEffectFnNoSpan  output for range 562 - 591
// @test-config { "effectFn": ["span", "inferred-span", "no-span", "untraced"] }
import * as Effect from "effect/Effect"

// These cases are okay and should trigger the diagnostic.
// Functions with parameters can be converted to Effect.fn.

export const arrowWithParams = (a: number, b: string) => {
  return Effect.gen(function*() {
    yield* Effect.succeed(a)
    return b
  })
}

export const functionExpressionWithParams = function(a: number, b: string) {
  return Effect.gen(function*() {
    yield* Effect.succeed(a)
    return b
  })
}

export const functionDeclarationWithParams = Effect.fn(function*(a: number, b: string) {
    yield* Effect.succeed(a)
    return b
})
