// code fix effectFnOpportunity_toEffectFnSpanInferred  output for range 255 - 270
// @test-config { "effectFn": ["span", "inferred-span", "no-span", "untraced"] }
import * as Effect from "effect/Effect"

// These cases are okay and should trigger the diagnostic.
// Functions with parameters can be converted to Effect.fn.

export const arrowWithParams = Effect.fn("arrowWithParams")(function*(a: number, b: string) {
    yield* Effect.succeed(a)
    return b
})

export const functionExpressionWithParams = function(a: number, b: string) {
  return Effect.gen(function*() {
    yield* Effect.succeed(a)
    return b
  })
}

export function functionDeclarationWithParams(a: number, b: string) {
  return Effect.gen(function*() {
    yield* Effect.succeed(a)
    return b
  })
}
