// code fix effectFnOpportunity_toEffectFnSpanInferred  output for range 496 - 499
// @test-config { "effectFn": ["inferred-span"] }
import * as Context from "effect/Context"
import * as Effect from "effect/Effect"
import { pipe } from "effect/Function"
import * as Layer from "effect/Layer"

class MyService extends Context.Tag("MyService")<MyService, {
    log: (what: string) => Effect.Effect<void>
}
>(){}

const _shouldTrigger = Layer.effect(MyService)(Effect.gen(function*() {
    yield* Effect.log("log")
    // Log should be inferred with name MyService.log
    return { log: Effect.fn("MyService.log")(function(what: string) {
        return Effect.log(what)
    }) }
}))

const _shouldTriggerConstructor = Layer.effect(MyService, Effect.gen(function*() {
    yield* Effect.log("log")
    // Log should be inferred with name MyService.log
    return { log: (what: string) => Effect.log(what) }
}))

const _shouldTriggerSucceed = Layer.succeed(MyService)({
    // Log should be inferred with name MyService.log
    log: (what: string) => Effect.log(what)
})

const _shouldTriggerSync = Layer.sync(MyService)(() => {
    // Log should be inferred with name MyService.log
    return { log: (what: string) => Effect.log(what) }
})

const _shouldTriggerPipeableEffect = pipe(Effect.gen(function*() {
    yield* Effect.log("log")
    // Log should be inferred with name MyService.log
    return { log: (what: string) => Effect.log(what) }
}), Layer.effect(MyService))

const _shouldTriggerPipeableSucceed = pipe({
    // Log should be inferred with name MyService.log
    log: (what: string) => Effect.log(what)
}, Layer.succeed(MyService))
