// code fix missingStarInYieldEffectGen_skipNextLine  output for range 837 - 845
import * as Effect from "effect/Effect"

export const noError = Effect.gen(function*() {
  yield* Effect.succeed(1)
})

// @ts-expect-error
export const missingStarInYield = Effect.gen(function*() {
  yield Effect.succeed(1)
})

// @ts-expect-error
export const missingStarInMultipleYield = Effect.gen(function*() {
  yield Effect.succeed(1)
  yield Effect.succeed(2)
})

export const missingStarInInnerYield = Effect.gen(function*() {
  // @ts-expect-error
  yield* Effect.gen(function*() {
    yield Effect.succeed(1)
  })
})

export function* effectInsideStandardGenerator() {
  yield Effect.never
  // ^- this is fine, not inside an effect gen
}

// @ts-expect-error
export const effectFnUsage = Effect.fn(function*() {
  yield Effect.never
})

// @ts-expect-error
// @effect-diagnostics-next-line missingStarInYieldEffectGen:off
export const tracedEffectFnUsage = Effect.fn("tracedEffectFnUsage")(function*() {
  yield Effect.never
})

// @ts-expect-error
export const untracedEffectFnUsage = Effect.fnUntraced(function*() {
  yield Effect.never
})
