// code fix missingEffectContext_skipFile  output for range 484 - 509
/** @effect-diagnostics missingEffectContext:skip-file */
import * as Effect from "effect/Effect"

class ServiceA extends Effect.Service<ServiceA>()("ServiceA", {
  succeed: { a: 1 }
}) {}

class ServiceB extends Effect.Service<ServiceB>()("ServiceB", {
  succeed: { a: 2 }
}) {}

class ServiceC extends Effect.Service<ServiceC>()("ServiceC", {
  succeed: { a: 3 }
}) {}

declare const effectWithServices: Effect.Effect<number, never, ServiceA | ServiceB | ServiceC>

export function testFn(): Effect.Effect<number> {
  // @ts-expect-error
  return effectWithServices
}

// @ts-expect-error
export const conciseBody: () => Effect.Effect<number> = () => effectWithServices

export const conciseBodyMissingServiceC: () => Effect.Effect<number, never, ServiceA | ServiceB> = () =>
  // @ts-expect-error
  effectWithServices
