// code fix multipleEffectProvide_skipNextLine  output for range 499 - 533
import * as Effect from "effect/Effect"

class MyService1 extends Effect.Service<MyService1>()("MyService1", {
  succeed: { value: 1 }
}) {}

class MyService2 extends Effect.Service<MyService2>()("MyService2", {
  succeed: { value: 2 }
}) {}

class MyService3 extends Effect.Service<MyService3>()("MyService3", {
  succeed: { value: 3 }
}) {}

// Effect.fn with regular (non-generator) function and multiple provide calls
// @effect-diagnostics-next-line multipleEffectProvide:off
export const shouldReportEffectFnRegular = Effect.fn(
  () => Effect.void,
  Effect.provide(MyService1.Default),
  Effect.provide(MyService2.Default)
)

export const shouldReportEffectFnRegularTraced = Effect.fn("traced")(
  () => Effect.void,
  Effect.provide(MyService1.Default),
  Effect.provide(MyService2.Default)
)

export const shouldReportThreeProvidesRegular = Effect.fn(
  () => Effect.void,
  Effect.provide(MyService1.Default),
  Effect.provide(MyService2.Default),
  Effect.provide(MyService3.Default)
)
