// code fix outdatedEffectCodegen_ignore  output for range 308 - 320
import * as Schema from "effect/Schema"

type User = {
  id: number
  name: string
}

interface Todo {
  id: number
  description: string
}

export class ReusableUserSchema extends Schema.Class<ReusableUserSchema>("ReusableUserSchema")({
  id: Schema.Number,
  name: Schema.String
}) {}

// @effect-codegens typeToSchema:88ec6b65206780f9
export type ToGenerate = {
  UserSchema: User
  TodoSchema: Todo
}

// @effect-schema-codegenerated: This schema will be re-generated by the effect-schema-codegens command, remove this comment to disable re-generation.
export class TodoSchema extends Schema.Class<TodoSchema>("TodoSchema")({
  id: Schema.Number,
  description: Schema.String,
  outdated: Schema.Boolean
}) {}
