export class MyService2 extends Effect.Service<MyService2>()("MyService2", {
  effect: Effect.gen(function*() {
    yield* Effect.addFinalizer(() => Effect.log("finalizer"))
    return { a: 1 }
  })
}) {}
13:0 - 18:5 | 0 | This layer construction leaves `Scope` in the requirement set. The scoped API removes `Scope` from the resulting requirements.    effect(scopeInLayerEffect)

export class MyService3 extends Effect.Service<MyService3>()("MyService2", {
  effect: Effect.gen(function*() {
    const _ = yield* OtherService
    yield* Effect.addFinalizer(() => Effect.log("finalizer"))
    return { a: 1 }
  })
}) {}
20:0 - 26:5 | 0 | This layer construction leaves `Scope` in the requirement set. The scoped API removes `Scope` from the resulting requirements.    effect(scopeInLayerEffect)

Layer.effect(
  MyService,
  Effect.gen(function*() {
    yield* Effect.addFinalizer(() => Effect.log("finalizer"))
    return { a: 1 }
  })
)
36:23 - 42:1 | 0 | This layer construction leaves `Scope` in the requirement set. The scoped API removes `Scope` from the resulting requirements.    effect(scopeInLayerEffect)

Layer.effect(
  MyService,
  Effect.gen(function*() {
    const _otherService = yield* OtherService
    yield* Effect.addFinalizer(() => Effect.log("finalizer"))
    return { a: 1 }
  })
)
44:24 - 51:1 | 0 | This layer construction leaves `Scope` in the requirement set. The scoped API removes `Scope` from the resulting requirements.    effect(scopeInLayerEffect)