// code fix tryCatchInEffectGen_skipFile  output for range 334 - 415
/** @effect-diagnostics tryCatchInEffectGen:skip-file */
import * as Effect from "effect/Effect"

export const shouldTrigger = Effect.gen(function*() {
  try {
    const result = yield* Effect.succeed(42)
    return result
  } catch (error) {
    console.error(error)
  }
})

// This should also trigger with Effect.fn
export const exampleWithEffectFn = Effect.fn("example")(function*() {
  try {
    yield* Effect.succeed("hello")
  } catch (e) {
    console.error(e)
  }
})

// This should NOT trigger (no try/catch)
export const shouldNotTrigger = Effect.gen(function*() {
  const result = yield* Effect.succeed(42)
  return result
})

// This should NOT trigger (try/catch outside Effect.gen)
export function regularFunction() {
  try {
    console.log("regular try/catch")
  } catch (e) {
    console.error(e)
  }
}

// Nested case should trigger
export const nestedExample = Effect.gen(function*() {
  const inner = yield* Effect.gen(function*() {
    try {
      return yield* Effect.succeed(1)
    } catch (e) {
      console.error(e)
    }
  })
  return inner
})
