// code fix unknownInEffectCatch_skipNextLine  output for range 946 - 959
import { Data, Effect } from "effect"
import * as Function from "effect/Function"

export const program = Effect.tryPromise({
  try: () => fetch("http://something"),
  catch: (e) => e // <- This is the error
})

class MyError extends Data.TaggedError("MyError")<{
  cause: unknown
}> {}

export const shouldNotTrigger = Effect.tryPromise({
  try: () => fetch("http://something"),
  catch: (e) => new MyError({ cause: e })
})

export const shouldTriggerAsWell = Effect.tryPromise({
  try: () => fetch("http://something"),
  catch: Function.identity
})

export const shouldNotTrigger2 = Effect.succeed(42).pipe(Effect.tryMapPromise({
  try: (_) => fetch("http://something/" + _),
  catch: (e) => new MyError({ cause: e })
}))

export const shouldTriggerAsWell2 = Effect.succeed(42).pipe(Effect.tryMapPromise({
  try: (_) => fetch("http://something/" + _),
  catch: Function.identity
}))

// @effect-diagnostics-next-line unknownInEffectCatch:off
export const shouldTriggerAsWell3 = Effect.succeed(42).pipe(Effect.tryMap({
  try: (_) => "http://something/" + _,
  catch: Function.identity
}))

export const shouldTriggerAsWellForAny = Effect.tryPromise({
  try: () => fetch("http://something"),
  catch: (_) => _ as any
})
