flowchart TD
  0["DbConnection.Default<br/>provides: DbConnection<br/>requires: "]
  1["Layer.merge#40;DbConnection.Default#41;<br/>provides: UserRepository, DbConnection<br/>requires: DbConnection"]
  2["FileSystem.Default<br/>provides: FileSystem<br/>requires: "]
  3["Layer.provide#40;FileSystem.Default#41;<br/>provides: Cache<br/>requires: "]
  4["Cache.Default<br/>provides: Cache<br/>requires: FileSystem"]
  5["Cache.Default.pipe#40;Layer.provide#40;FileSystem.Default#41;#41;<br/>provides: Cache<br/>requires: "]
  6["cacheWithFs<br/>provides: Cache<br/>requires: "]
  7["Layer.provide#40;cacheWithFs#41;<br/>provides: UserRepository<br/>requires: DbConnection"]
  8["UserRepository.Default<br/>provides: UserRepository<br/>requires: Cache, DbConnection"]
  9["UserRepository.Default.pipe#40;Layer.provide#40;cacheWithFs#41;, Layer.merge#40;DbConnection.Default#41;#41;<br/>provides: UserRepository, DbConnection<br/>requires: DbConnection"]
  1 -->|"#123;#quot;relationship#quot;:#quot;call#quot;,#quot;argumentIndex#quot;:0#125;"| 0
  3 -->|"#123;#quot;relationship#quot;:#quot;call#quot;,#quot;argumentIndex#quot;:0#125;"| 2
  3 -->|"#123;#quot;relationship#quot;:#quot;pipe#quot;#125;"| 4
  5 -->|"#123;#quot;relationship#quot;:#quot;pipe#quot;#125;"| 3
  6 -->|"#123;#quot;relationship#quot;:#quot;symbol#quot;#125;"| 5
  7 -->|"#123;#quot;relationship#quot;:#quot;call#quot;,#quot;argumentIndex#quot;:0#125;"| 6
  7 -->|"#123;#quot;relationship#quot;:#quot;pipe#quot;#125;"| 8
  1 -->|"#123;#quot;relationship#quot;:#quot;pipe#quot;#125;"| 7
  9 -->|"#123;#quot;relationship#quot;:#quot;pipe#quot;#125;"| 1