// code fix classSelfMismatch_fix  output for range 824 - 845
import * as Schema from "effect/Schema"

// valid usage
export class ValidSchemaClass extends Schema.Class<ValidSchemaClass>("ValidSchemaClass")({
  prop: Schema.String
}) {}

// invalid usage: Schema.Class<ValidSchemaClass> should be Schema.Class<InvalidSchemaClass> because the Self type parameter is not the same as the class name
export class InvalidSchemaClass extends Schema.Class<ValidSchemaClass>("InvalidSchemaClass")({
  prop: Schema.String
}) {}

// valid usage
export class ValidErrorSchemaClass extends Schema.Class<ValidErrorSchemaClass>("ValidErrorSchemaClass")({
  prop: Schema.String
}) {}

// invalid usage: Schema.Class<ValidSchemaClass> should be Schema.Class<InvalidSchemaClass> because the Self type parameter is not the same as the class name
export class InvalidErrorSchemaClass extends Schema.Class<InvalidErrorSchemaClass>("InvalidErrorSchemaClass")({
  prop: Schema.String
}) {}

export class ValidSchemaErrorClass extends Schema.ErrorClass<ValidSchemaErrorClass>("ValidSchemaErrorClass")({
  prop: Schema.String
}) {}

// invalid usage: Schema.ErrorClass<ValidSchemaErrorClass> should be Schema.ErrorClass<InvalidSchemaErrorClass> because the Self type parameter is not the same as the class name
export class InvalidSchemaErrorClass extends Schema.ErrorClass<ValidSchemaErrorClass>("InvalidSchemaErrorClass")({
  prop: Schema.String
}) {}
