// code fix classSelfMismatch_fix  output for range 387 - 403
import * as Schema from "effect/Schema"

// valid usage
export class ValidSchemaClass extends Schema.Class<ValidSchemaClass>("ValidSchemaClass")({
  prop: Schema.String
}) {}

// invalid usage: Schema.Class<ValidSchemaClass> should be Schema.Class<InvalidSchemaClass> because the Self type parameter is not the same as the class name
export class InvalidSchemaClass extends Schema.Class<InvalidSchemaClass>("InvalidSchemaClass")({
  prop: Schema.String
}) {}

// valid usage
export class ValidErrorSchemaClass extends Schema.Class<ValidErrorSchemaClass>("ValidErrorSchemaClass")({
  prop: Schema.String
}) {}

// invalid usage: Schema.Class<ValidSchemaClass> should be Schema.Class<InvalidSchemaClass> because the Self type parameter is not the same as the class name
export class InvalidErrorSchemaClass extends Schema.Class<ValidErrorSchemaClass>("InvalidErrorSchemaClass")({
  prop: Schema.String
}) {}

export class ValidSchemaTaggedRequest
  extends Schema.RequestClass<ValidSchemaTaggedRequest>("ValidSchemaTaggedRequest")({
    payload: Schema.Struct({}),
    success: Schema.Void,
    error: Schema.Never
  })
{}

// invalid usage: Schema.TaggedRequest<ValidSchemaTaggedRequest> should be Schema.TaggedRequest<InvalidSchemaTaggedRequest> because the Self type parameter is not the same as the class name
export class InvalidSchemaTaggedRequest
  extends Schema.RequestClass<ValidSchemaTaggedRequest>("InvalidSchemaTaggedRequest")({
    payload: Schema.Struct({}),
    success: Schema.Void,
    error: Schema.Never
  })
{}
