// code fix missingEffectContext_skipNextLine  output for range 559 - 577
import { Effect, ServiceMap} from "effect"

class ServiceA extends ServiceMap.Service<ServiceA>()("ServiceA", {
  make: Effect.succeed({ a: 1 })
}) {}

class ServiceB extends ServiceMap.Service<ServiceB>()("ServiceB", {
  make: Effect.succeed({ a: 2 })
}) {}

class ServiceC extends ServiceMap.Service<ServiceC>()("ServiceC", {
  make: Effect.succeed({ a: 3 })
}) {}

declare const effectWithServices: Effect.Effect<number, never, ServiceA | ServiceB | ServiceC>

function testFn(effect: Effect.Effect<number>) {
  return effect
}

// @ts-expect-error
// @effect-diagnostics-next-line missingEffectContext:off
testFn(effectWithServices)

function testFnWithServiceAB(effect: Effect.Effect<number, never, ServiceA | ServiceB>) {
  return effect
}

// @ts-expect-error
testFnWithServiceAB(effectWithServices)
