// code fix missingEffectContext_skipNextLine  output for range 538 - 563
import { Effect, ServiceMap} from "effect"

class ServiceA extends ServiceMap.Service<ServiceA>()("ServiceA", {
  make: Effect.succeed({ a: 1 })
}) {}

class ServiceB extends ServiceMap.Service<ServiceB>()("ServiceB", {
  make: Effect.succeed({ a: 2 })
}) {}

class ServiceC extends ServiceMap.Service<ServiceC>()("ServiceC", {
  make: Effect.succeed({ a: 3 })
}) {}

declare const effectWithServices: Effect.Effect<number, never, ServiceA | ServiceB | ServiceC>

export function testFn(): Effect.Effect<number> {
  // @ts-expect-error
  // @effect-diagnostics-next-line missingEffectContext:off
  return effectWithServices
}

// @ts-expect-error
export const conciseBody: () => Effect.Effect<number> = () => effectWithServices

export const conciseBodyMissingServiceC: () => Effect.Effect<number, never, ServiceA | ServiceB> = () =>
  // @ts-expect-error
  effectWithServices
