function
7:45 - 7:53 | 1 | Seems like you used yield instead of yield* inside this Effect.gen.    effect(missingStarInYieldEffectGen)

yield Effect.succeed(1)
8:2 - 8:25 | 1 | When yielding Effects inside Effect.gen, you should use yield* instead of yield.    effect(missingStarInYieldEffectGen)

function
11:53 - 11:61 | 1 | Seems like you used yield instead of yield* inside this Effect.gen.    effect(missingStarInYieldEffectGen)

yield Effect.succeed(1)
12:2 - 12:25 | 1 | When yielding Effects inside Effect.gen, you should use yield* instead of yield.    effect(missingStarInYieldEffectGen)

yield Effect.succeed(2)
13:2 - 13:25 | 1 | When yielding Effects inside Effect.gen, you should use yield* instead of yield.    effect(missingStarInYieldEffectGen)

function
17:20 - 17:28 | 1 | Seems like you used yield instead of yield* inside this Effect.gen.    effect(missingStarInYieldEffectGen)

yield Effect.succeed(1)
18:4 - 18:27 | 1 | When yielding Effects inside Effect.gen, you should use yield* instead of yield.    effect(missingStarInYieldEffectGen)

function
27:39 - 27:47 | 1 | Seems like you used yield instead of yield* inside this Effect.gen.    effect(missingStarInYieldEffectGen)

yield Effect.never
28:2 - 28:20 | 1 | When yielding Effects inside Effect.gen, you should use yield* instead of yield.    effect(missingStarInYieldEffectGen)

function
31:68 - 31:76 | 1 | Seems like you used yield instead of yield* inside this Effect.gen.    effect(missingStarInYieldEffectGen)

yield Effect.never
32:2 - 32:20 | 1 | When yielding Effects inside Effect.gen, you should use yield* instead of yield.    effect(missingStarInYieldEffectGen)

function
35:55 - 35:63 | 1 | Seems like you used yield instead of yield* inside this Effect.gen.    effect(missingStarInYieldEffectGen)

yield Effect.never
36:2 - 36:20 | 1 | When yielding Effects inside Effect.gen, you should use yield* instead of yield.    effect(missingStarInYieldEffectGen)