flowchart TD
  0["AppService.Default<br/>provides: AppService<br/>requires: EventService, UserService"]
  1["Layer.provideMerge#40;AppService.Default#41;<br/>provides: EventsRepository, EventService, Analytics, Database, UserRepository, UserService, AppService<br/>requires: EventsRepository, EventService, Analytics, Database, UserRepository, UserService"]
  2["EventService.Default<br/>provides: EventService<br/>requires: EventsRepository, Analytics"]
  3["Layer.provideMerge#40;EventService.Default#41;<br/>provides: EventsRepository, EventService, Analytics, Database<br/>requires: EventsRepository, Analytics, Database"]
  4["Analytics.Default<br/>provides: Analytics<br/>requires: "]
  5["Layer.merge#40;Analytics.Default#41;<br/>provides: EventsRepository, Analytics, Database<br/>requires: Database"]
  6["EventsRepository.Default<br/>provides: EventsRepository<br/>requires: Database"]
  7["Layer.provideMerge#40;EventsRepository.Default#41;<br/>provides: EventsRepository, Database<br/>requires: Database"]
  8["Database.Default<br/>provides: Database<br/>requires: "]
  9["pipe#40;<br/>      Database.Default,<br/>      Layer.provideMerge#40;EventsRepository.Default#41;,<br/>      Layer.merge#40;Analytics.Default#41;,<br/>      Layer.provideMerge#40;EventService.Default#41;<br/>    #41;<br/>provides: EventsRepository, EventService, Analytics, Database<br/>requires: EventsRepository, Analytics, Database"]
  10["Layer.merge#40;<br/>    pipe#40;<br/>      Database.Default,<br/>      Layer.provideMerge#40;EventsRepository.Default#41;,<br/>      Layer.merge#40;Analytics.Default#41;,<br/>      Layer.provideMerge#40;EventService.Default#41;<br/>    #41;<br/>  #41;<br/>provides: EventsRepository, EventService, Analytics, Database, UserRepository, UserService<br/>requires: EventsRepository, Analytics, Database, UserRepository"]
  11["UserService.Default<br/>provides: UserService<br/>requires: Analytics, UserRepository"]
  12["Layer.provideMerge#40;UserService.Default#41;<br/>provides: Analytics, Database, UserRepository, UserService<br/>requires: Analytics, Database, UserRepository"]
  13["Analytics.Default<br/>provides: Analytics<br/>requires: "]
  14["Layer.merge#40;Analytics.Default#41;<br/>provides: Analytics, Database, UserRepository<br/>requires: Database"]
  15["UserRepository.Default<br/>provides: UserRepository<br/>requires: Database"]
  16["Layer.provideMerge#40;UserRepository.Default#41;<br/>provides: Database, UserRepository<br/>requires: Database"]
  17["Database.Default<br/>provides: Database<br/>requires: "]
  18["pipe#40;<br/>  Database.Default,<br/>  Layer.provideMerge#40;UserRepository.Default#41;,<br/>  Layer.merge#40;Analytics.Default#41;,<br/>  Layer.provideMerge#40;UserService.Default#41;,<br/>  Layer.merge#40;<br/>    pipe#40;<br/>      Database.Default,<br/>      Layer.provideMerge#40;EventsRepository.Default#41;,<br/>      Layer.merge#40;Analytics.Default#41;,<br/>      Layer.provideMerge#40;EventService.Default#41;<br/>    #41;<br/>  #41;,<br/>  Layer.provideMerge#40;AppService.Default#41;<br/>#41;<br/>provides: EventsRepository, EventService, Analytics, Database, UserRepository, UserService, AppService<br/>requires: EventsRepository, EventService, Analytics, Database, UserRepository, UserService"]
  1 -->|"#123;#quot;relationship#quot;:#quot;call#quot;,#quot;argumentIndex#quot;:0#125;"| 0
  3 -->|"#123;#quot;relationship#quot;:#quot;call#quot;,#quot;argumentIndex#quot;:0#125;"| 2
  5 -->|"#123;#quot;relationship#quot;:#quot;call#quot;,#quot;argumentIndex#quot;:0#125;"| 4
  7 -->|"#123;#quot;relationship#quot;:#quot;call#quot;,#quot;argumentIndex#quot;:0#125;"| 6
  7 -->|"#123;#quot;relationship#quot;:#quot;pipe#quot;#125;"| 8
  5 -->|"#123;#quot;relationship#quot;:#quot;pipe#quot;#125;"| 7
  3 -->|"#123;#quot;relationship#quot;:#quot;pipe#quot;#125;"| 5
  9 -->|"#123;#quot;relationship#quot;:#quot;pipe#quot;#125;"| 3
  10 -->|"#123;#quot;relationship#quot;:#quot;call#quot;,#quot;argumentIndex#quot;:0#125;"| 9
  12 -->|"#123;#quot;relationship#quot;:#quot;call#quot;,#quot;argumentIndex#quot;:0#125;"| 11
  14 -->|"#123;#quot;relationship#quot;:#quot;call#quot;,#quot;argumentIndex#quot;:0#125;"| 13
  16 -->|"#123;#quot;relationship#quot;:#quot;call#quot;,#quot;argumentIndex#quot;:0#125;"| 15
  16 -->|"#123;#quot;relationship#quot;:#quot;pipe#quot;#125;"| 17
  14 -->|"#123;#quot;relationship#quot;:#quot;pipe#quot;#125;"| 16
  12 -->|"#123;#quot;relationship#quot;:#quot;pipe#quot;#125;"| 14
  10 -->|"#123;#quot;relationship#quot;:#quot;pipe#quot;#125;"| 12
  1 -->|"#123;#quot;relationship#quot;:#quot;pipe#quot;#125;"| 10
  18 -->|"#123;#quot;relationship#quot;:#quot;pipe#quot;#125;"| 1