// Result of running refactor asyncAwaitToGen at position 4:44
import * as Effect from "effect/Effect"

const asyncFunctionDeclaration = function() {
    return Effect.gen(function*() {
        const response = yield* Effect.promise(() => fetch("test"))
        if (response.ok) {
            const y = yield* Effect.promise(() => response.json())
            return y
        }
        return null
    })
}

const asyncArrowFunctionExpression = async () => {
  const response = await fetch("test")
  if (response.ok) {
    const y = await response.json()
    return y
  }
  return null
}
