// Result of running refactor layerMagic at position 25:20
import { Effect, Layer, pipe, Context } from "effect"

class DbConnection extends Context.Service<DbConnection>()("DbConnection", {
  make: Effect.succeed({})
}) {
  static Default = Layer.effect(this, this.make)
}
class FileSystem extends Context.Service<FileSystem>()("FileSystem", {
  make: Effect.succeed({})
}) {
  static Default = Layer.effect(this, this.make)
}
class Cache extends Context.Service<Cache>()("Cache", {
  make: Effect.as(FileSystem.asEffect(), {})
}) {
  static Default = Layer.effect(this, this.make)
}
class UserRepository extends Context.Service<UserRepository>()("UserRepository", {
  make: Effect.as(Effect.andThen(DbConnection.asEffect(), Cache.asEffect()), {})
}) {
  static Default = Layer.effect(this, this.make)
}

export const prepareUser_commentCache =[UserRepository.Default, Cache.Default, FileSystem.Default] as any as Layer.Layer<UserRepository /* Cache | FileSystem */>

export const prepareUserCache = pipe(
  UserRepository.Default,
  Layer.provideMerge(Cache.Default),
  Layer.provide(FileSystem.Default)
)
